[16-Sep-2015 09:12:34 UTC] PHP Warning:  mysqli::mysqli(): (HY000/2002): Can't connect to local MySQL server through socket '/var/run/mysqld/mysqld.sock' (2) in /home/ubuntu/workspace/includes/config.php on line 7
[16-Sep-2015 09:12:34 UTC] PHP Warning:  mysql_query(): Can't connect to local MySQL server through socket '/var/run/mysqld/mysqld.sock' (2) in /home/ubuntu/workspace/includes/config.php on line 9
[16-Sep-2015 09:12:34 UTC] PHP Warning:  mysql_query(): A link to the server could not be established in /home/ubuntu/workspace/includes/config.php on line 9
[16-Sep-2015 09:12:34 UTC] PHP Warning:  mysql_query(): Can't connect to local MySQL server through socket '/var/run/mysqld/mysqld.sock' (2) in /home/ubuntu/workspace/includes/config.php on line 10
[16-Sep-2015 09:12:34 UTC] PHP Warning:  mysql_query(): A link to the server could not be established in /home/ubuntu/workspace/includes/config.php on line 10
[16-Sep-2015 09:12:34 UTC] PHP Notice:  Undefined index: startdate in /home/ubuntu/workspace/ajax/datepicker.php on line 4
[16-Sep-2015 09:12:34 UTC] PHP Warning:  mysqli::query(): Couldn't fetch mysqli in /home/ubuntu/workspace/ajax/datepicker.php on line 12
[16-Sep-2015 09:12:34 UTC] PHP Warning:  main(): Couldn't fetch mysqli in /home/ubuntu/workspace/ajax/datepicker.php on line 12
[16-Sep-2015 09:12:42 UTC] PHP Warning:  mysqli::mysqli(): (HY000/2002): Can't connect to local MySQL server through socket '/var/run/mysqld/mysqld.sock' (2) in /home/ubuntu/workspace/includes/config.php on line 7
[16-Sep-2015 09:12:42 UTC] PHP Warning:  mysql_query(): Can't connect to local MySQL server through socket '/var/run/mysqld/mysqld.sock' (2) in /home/ubuntu/workspace/includes/config.php on line 9
[16-Sep-2015 09:12:42 UTC] PHP Warning:  mysql_query(): A link to the server could not be established in /home/ubuntu/workspace/includes/config.php on line 9
[16-Sep-2015 09:12:42 UTC] PHP Warning:  mysql_query(): Can't connect to local MySQL server through socket '/var/run/mysqld/mysqld.sock' (2) in /home/ubuntu/workspace/includes/config.php on line 10
[16-Sep-2015 09:12:42 UTC] PHP Warning:  mysql_query(): A link to the server could not be established in /home/ubuntu/workspace/includes/config.php on line 10
[16-Sep-2015 09:12:42 UTC] PHP Notice:  Undefined index: startdate in /home/ubuntu/workspace/ajax/datepicker.php on line 4
[16-Sep-2015 09:12:42 UTC] PHP Warning:  mysqli::query(): Couldn't fetch mysqli in /home/ubuntu/workspace/ajax/datepicker.php on line 12
[16-Sep-2015 09:12:42 UTC] PHP Warning:  main(): Couldn't fetch mysqli in /home/ubuntu/workspace/ajax/datepicker.php on line 12
[16-Sep-2015 09:12:57 UTC] PHP Warning:  mysqli::mysqli(): (HY000/2002): Can't connect to local MySQL server through socket '/var/run/mysqld/mysqld.sock' (2) in /home/ubuntu/workspace/includes/config.php on line 7
[16-Sep-2015 09:12:57 UTC] PHP Warning:  mysql_query(): Can't connect to local MySQL server through socket '/var/run/mysqld/mysqld.sock' (2) in /home/ubuntu/workspace/includes/config.php on line 9
[16-Sep-2015 09:12:57 UTC] PHP Warning:  mysql_query(): A link to the server could not be established in /home/ubuntu/workspace/includes/config.php on line 9
[16-Sep-2015 09:12:57 UTC] PHP Warning:  mysql_query(): Can't connect to local MySQL server through socket '/var/run/mysqld/mysqld.sock' (2) in /home/ubuntu/workspace/includes/config.php on line 10
[16-Sep-2015 09:12:57 UTC] PHP Warning:  mysql_query(): A link to the server could not be established in /home/ubuntu/workspace/includes/config.php on line 10
[16-Sep-2015 09:12:57 UTC] PHP Notice:  Undefined index: startdate in /home/ubuntu/workspace/ajax/datepicker.php on line 4
[16-Sep-2015 09:12:57 UTC] PHP Warning:  mysqli::query(): Couldn't fetch mysqli in /home/ubuntu/workspace/ajax/datepicker.php on line 12
[16-Sep-2015 09:12:57 UTC] PHP Warning:  main(): Couldn't fetch mysqli in /home/ubuntu/workspace/ajax/datepicker.php on line 12
